[debug] [2022-07-13T17:26:32.656Z] ----------------------------------------------------------------------
[debug] [2022-07-13T17:26:32.659Z] Command:       C:\Program Files\nodejs\node.exe C:\Users\16192\AppData\Roaming\npm\node_modules\firebase-tools\lib\bin\firebase.js emulators:start
[debug] [2022-07-13T17:26:32.660Z] CLI Version:   11.2.1
[debug] [2022-07-13T17:26:32.660Z] Platform:      win32
[debug] [2022-07-13T17:26:32.660Z] Node Version:  v16.15.0
[debug] [2022-07-13T17:26:32.670Z] Time:          Wed Jul 13 2022 12:26:32 GMT-0500 (Central Daylight Time)
[debug] [2022-07-13T17:26:32.670Z] ----------------------------------------------------------------------
[debug] 
[debug] [2022-07-13T17:26:32.677Z] >>> [apiv2][query] GET https://firebase-public.firebaseio.com/cli.json [none]
[debug] [2022-07-13T17:26:32.804Z] > command requires scopes: ["email","openid","https://www.googleapis.com/auth/cloudplatformprojects.readonly","https://www.googleapis.com/auth/firebase","https://www.googleapis.com/auth/cloud-platform"]
[debug] [2022-07-13T17:26:32.805Z] > authorizing via signed-in user (edom0723@gmail.com)
[info] i  emulators: Starting emulators: functions, hosting {"metadata":{"emulator":{"name":"hub"},"message":"Starting emulators: functions, hosting"}}
[debug] [2022-07-13T17:26:32.864Z] [hub] writing locator at C:\Users\16192\AppData\Local\Temp\hub-eleni-c4ff8.json
[debug] [2022-07-13T17:26:32.985Z] <<< [apiv2][status] GET https://firebase-public.firebaseio.com/cli.json 200
[debug] [2022-07-13T17:26:32.986Z] <<< [apiv2][body] GET https://firebase-public.firebaseio.com/cli.json {"cloudBuildErrorAfter":1594252800000,"cloudBuildWarnAfter":1590019200000,"defaultNode10After":1594252800000,"minVersion":"3.0.5","node8DeploysDisabledAfter":1613390400000,"node8RuntimeDisabledAfter":1615809600000,"node8WarnAfter":1600128000000}
[warn] !  functions: The following emulators are not running, calls to these services from the Functions emulator will affect production: auth, firestore, database, pubsub, storage {"metadata":{"emulator":{"name":"functions"},"message":"The following emulators are not running, calls to these services from the Functions emulator will affect production: \u001b[1mauth, firestore, database, pubsub, storage\u001b[22m"}}
[info] +  functions: Using node@16 from host. {"metadata":{"emulator":{"name":"functions"},"message":"Using node@16 from host."}}
[debug] [2022-07-13T17:26:33.215Z] defaultcredentials: writing to file C:\Users\16192\AppData\Roaming\firebase\edom0723_gmail_com_application_default_credentials.json
[debug] [2022-07-13T17:26:33.218Z] Setting GAC to C:\Users\16192\AppData\Roaming\firebase\edom0723_gmail_com_application_default_credentials.json {"metadata":{"emulator":{"name":"functions"},"message":"Setting GAC to C:\\Users\\16192\\AppData\\Roaming\\firebase\\edom0723_gmail_com_application_default_credentials.json"}}
[debug] [2022-07-13T17:26:33.219Z] > refreshing access token with scopes: []
[debug] [2022-07-13T17:26:33.220Z] >>> [apiv2][query] POST https://www.googleapis.com/oauth2/v3/token [none]
[debug] [2022-07-13T17:26:33.220Z] >>> [apiv2][body] POST https://www.googleapis.com/oauth2/v3/token [omitted]
[debug] [2022-07-13T17:26:33.373Z] <<< [apiv2][status] POST https://www.googleapis.com/oauth2/v3/token 200
[debug] [2022-07-13T17:26:33.373Z] <<< [apiv2][body] POST https://www.googleapis.com/oauth2/v3/token [omitted]
[debug] [2022-07-13T17:26:33.384Z] >>> [apiv2][query] GET https://firebase.googleapis.com/v1beta1/projects/eleni-c4ff8/adminSdkConfig [none]
[debug] [2022-07-13T17:26:33.669Z] <<< [apiv2][status] GET https://firebase.googleapis.com/v1beta1/projects/eleni-c4ff8/adminSdkConfig 200
[debug] [2022-07-13T17:26:33.670Z] <<< [apiv2][body] GET https://firebase.googleapis.com/v1beta1/projects/eleni-c4ff8/adminSdkConfig {"projectId":"eleni-c4ff8","storageBucket":"eleni-c4ff8.appspot.com"}
[debug] [2022-07-13T17:26:33.687Z] >>> [apiv2][query] GET https://firebasehosting.googleapis.com/v1beta1/projects/eleni-c4ff8/sites 
[debug] [2022-07-13T17:26:34.060Z] <<< [apiv2][status] GET https://firebasehosting.googleapis.com/v1beta1/projects/eleni-c4ff8/sites 200
[debug] [2022-07-13T17:26:34.060Z] <<< [apiv2][body] GET https://firebasehosting.googleapis.com/v1beta1/projects/eleni-c4ff8/sites {"sites":[{"name":"projects/eleni-c4ff8/sites/eleni-c4ff8","defaultUrl":"https://eleni-c4ff8.web.app","appId":"1:129407530316:web:ba5ec691d47bf6dd8b8be9","type":"DEFAULT_SITE"}]}
[debug] [2022-07-13T17:26:34.061Z] >>> [apiv2][query] GET https://firebase.googleapis.com/v1beta1/projects/eleni-c4ff8/webApps/1:129407530316:web:ba5ec691d47bf6dd8b8be9/config [none]
[debug] [2022-07-13T17:26:34.729Z] <<< [apiv2][status] GET https://firebase.googleapis.com/v1beta1/projects/eleni-c4ff8/webApps/1:129407530316:web:ba5ec691d47bf6dd8b8be9/config 200
[debug] [2022-07-13T17:26:34.729Z] <<< [apiv2][body] GET https://firebase.googleapis.com/v1beta1/projects/eleni-c4ff8/webApps/1:129407530316:web:ba5ec691d47bf6dd8b8be9/config {"projectId":"eleni-c4ff8","appId":"1:129407530316:web:ba5ec691d47bf6dd8b8be9","storageBucket":"eleni-c4ff8.appspot.com","apiKey":"AIzaSyA7LrNhA6j1daTQkbWOHMfXmfrUIqxAPr8","authDomain":"eleni-c4ff8.firebaseapp.com","messagingSenderId":"129407530316","measurementId":"G-99RVSK8LMP"}
[info] i  hosting: Serving hosting files from: build {"metadata":{"emulator":{"name":"hosting"},"message":"Serving hosting files from: \u001b[1mbuild\u001b[22m"}}
[info] +  hosting: Local server: http://localhost:5000 {"metadata":{"emulator":{"name":"hosting"},"message":"Local server: \u001b[4m\u001b[1mhttp://localhost:5000\u001b[22m\u001b[24m"}}
[debug] [2022-07-13T17:26:34.799Z] Ignoring unsupported arg: auto_download {"metadata":{"emulator":{"name":"ui"},"message":"Ignoring unsupported arg: auto_download"}}
[debug] [2022-07-13T17:26:34.800Z] Ignoring unsupported arg: port {"metadata":{"emulator":{"name":"ui"},"message":"Ignoring unsupported arg: port"}}
[debug] [2022-07-13T17:26:34.800Z] Starting Emulator UI with command {"binary":"node","args":["--dns-result-order=ipv4first","C:\\Users\\16192\\.cache\\firebase\\emulators\\ui-v1.7.0\\server.bundle.js"],"optionalArgs":[],"joinArgs":false} {"metadata":{"emulator":{"name":"ui"},"message":"Starting Emulator UI with command {\"binary\":\"node\",\"args\":[\"--dns-result-order=ipv4first\",\"C:\\\\Users\\\\16192\\\\.cache\\\\firebase\\\\emulators\\\\ui-v1.7.0\\\\server.bundle.js\"],\"optionalArgs\":[],\"joinArgs\":false}"}}
[info] i  ui: Emulator UI logging to ui-debug.log {"metadata":{"emulator":{"name":"ui"},"message":"Emulator UI logging to \u001b[1mui-debug.log\u001b[22m"}}
[debug] [2022-07-13T17:26:35.030Z] Web / API server started at localhost:4000
 {"metadata":{"emulator":{"name":"ui"},"message":"Web / API server started at localhost:4000\n"}}
[info] i  functions: Watching "C:\Users\16192\Desktop\AmazonByEle\amazon\functions" for Cloud Functions... {"metadata":{"emulator":{"name":"functions"},"message":"Watching \"C:\\Users\\16192\\Desktop\\AmazonByEle\\amazon\\functions\" for Cloud Functions..."}}
[debug] [2022-07-13T17:26:35.101Z] Validating nodejs source
[debug] [2022-07-13T17:26:40.115Z] > [functions] package.json contents: {
  "name": "functions",
  "description": "Cloud Functions for Firebase",
  "scripts": {
    "lint": "eslint .",
    "serve": "firebase emulators:start --only functions",
    "shell": "firebase functions:shell",
    "start": "npm run shell",
    "deploy": "firebase deploy --only functions",
    "logs": "firebase functions:log"
  },
  "engines": {
    "node": "16"
  },
  "main": "index.js",
  "dependencies": {
    "cors": "^2.8.5",
    "express": "^4.18.1",
    "firebase-admin": "^10.0.2",
    "firebase-functions": "^3.18.0",
    "stripe": "^9.12.0"
  },
  "devDependencies": {
    "eslint": "^8.9.0",
    "eslint-config-google": "^0.14.0",
    "firebase-functions-test": "^0.2.0"
  },
  "private": true
}
[debug] [2022-07-13T17:26:40.117Z] Building nodejs source
[debug] [2022-07-13T17:26:40.117Z] Analyzing nodejs backend spec
[debug] [2022-07-13T17:26:40.120Z] Could not find functions.yaml. Must use http discovery
[debug] [2022-07-13T17:26:40.788Z] Serving at port 9005

[debug] [2022-07-13T17:26:41.173Z] Got response from /__/functions.yaml {"endpoints":{"api":{"platform":"gcfv1","httpsTrigger":{},"entryPoint":"api"}},"specVersion":"v1alpha1","requiredAPIs":[]}
[debug] [2022-07-13T17:26:41.185Z] shutdown requested via /__/quitquitquit

[info] +  functions[us-central1-api]: http function initialized (http://localhost:5001/eleni-c4ff8/us-central1/api). {"metadata":{"emulator":{"name":"functions"},"message":"\u001b[1mhttp\u001b[22m function initialized (http://localhost:5001/eleni-c4ff8/us-central1/api)."}}
[info] 
┌─────────────────────────────────────────────────────────────┐
│ ✔  All emulators ready! It is now safe to connect your app. │
│ i  View Emulator UI at http://localhost:4000                │
└─────────────────────────────────────────────────────────────┘

┌───────────┬────────────────┬─────────────────────────────────┐
│ Emulator  │ Host:Port      │ View in Emulator UI             │
├───────────┼────────────────┼─────────────────────────────────┤
│ Functions │ localhost:5001 │ http://localhost:4000/functions │
├───────────┼────────────────┼─────────────────────────────────┤
│ Hosting   │ localhost:5000 │ n/a                             │
└───────────┴────────────────┴─────────────────────────────────┘
  Emulator Hub running at localhost:4400
  Other reserved ports: 4500

Issues? Report them at https://github.com/firebase/firebase-tools/issues and attach the *-debug.log files.
 
[debug] [2022-07-15T22:55:28.876Z] Received signal SIGHUP 1
